[129831:129831:0327/173120.793013:WARNING:chrome_main_delegate.cc(740)] This is Chrome version 123.0.6312.58 (not a warning)
[129831:129831:0327/173120.821261:INFO:policy_logger.cc(145)] :components/policy/core/common/config_dir_policy_loader.cc(118) Skipping mandatory platform policies because no policy file was found at: /etc/opt/chrome/policies/managed
[129831:129831:0327/173120.821292:INFO:policy_logger.cc(145)] :components/policy/core/common/config_dir_policy_loader.cc(118) Skipping recommended platform policies because no policy file was found at: /etc/opt/chrome/policies/recommended
[129831:129831:0327/173120.933585:INFO:policy_logger.cc(145)] :components/enterprise/browser/controller/chrome_browser_cloud_management_controller.cc(168) Starting CBCM Controller Initialization
[129831:129831:0327/173120.934898:INFO:policy_logger.cc(145)] :components/enterprise/browser/controller/chrome_browser_cloud_management_controller.cc(196) No machine level policy manager exists.
[129908:129908:0327/173121.055718:WARNING:runtime_features.cc(728)] AttributionReportingCrossAppWeb cannot be enabled in this configuration. Use --enable-features=ConversionMeasurement,AttributionReportingCrossAppWeb in addition.
[129911:129911:0327/173121.057926:WARNING:runtime_features.cc(728)] AttributionReportingCrossAppWeb cannot be enabled in this configuration. Use --enable-features=ConversionMeasurement,AttributionReportingCrossAppWeb in addition.
[129831:129831:0327/173121.110036:WARNING:bluez_dbus_manager.cc(248)] Floss manager not present, cannot set Floss enable/disable.
[129831:129831:0327/173121.370165:ERROR:object_proxy.cc(576)] Failed to call method: org.freedesktop.ScreenSaver.GetActive: object_path= /org/freedesktop/ScreenSaver: org.freedesktop.DBus.Error.NotSupported: This method is not implemented
[129831:129850:0327/173121.468560:ERROR:nss_util.cc(357)] After loading Root Certs, loaded==false: NSS error code: -8018
[129937:129937:0327/173121.512524:WARNING:runtime_features.cc(728)] AttributionReportingCrossAppWeb cannot be enabled in this configuration. Use --enable-features=ConversionMeasurement,AttributionReportingCrossAppWeb in addition.
[129947:129947:0327/173121.591489:WARNING:runtime_features.cc(728)] AttributionReportingCrossAppWeb cannot be enabled in this configuration. Use --enable-features=ConversionMeasurement,AttributionReportingCrossAppWeb in addition.
[129831:129831:0327/173121.944354:INFO:CONSOLE(0)] "[DOM] Input elements should have autocomplete attributes (suggested: "current-password"): (More info: https://goo.gl/9p2vKq) %o", source: https://www.farpost.ru/sign (0)
[129873:129873:0327/173122.064231:WARNING:sandbox_linux.cc(418)] InitializeSandbox() called with multiple threads in process gpu-process.
[129831:129831:0327/173122.361273:INFO:CONSOLE(0)] "Third-party cookie will be blocked. Learn more in the Issues tab.", source: https://www.farpost.ru/sign (0)
[129831:129831:0327/173126.310998:WARNING:controller_impl.cc(1191)] Background download complete, client: 6, completion type: 0, file size:3844
[129831:129831:0327/173130.383707:INFO:CONSOLE(0)] "Third-party cookie will be blocked. Learn more in the Issues tab.", source: https://www.farpost.ru/sign/s2/Vo6blKDOqC7JpJtQJBagjg?return=%2Fpersonal%2F (0)
[129875:129888:0327/173135.323056:WARNING:sqlite_persistent_store_backend_base.cc(197)] Failed to post task from FlushAndNotifyInBackground@net/extras/sqlite/sqlite_persistent_store_backend_base.cc:246 to client_task_runner_.
[129875:129888:0327/173135.323187:WARNING:sqlite_persistent_store_backend_base.cc(197)] Failed to post task from FlushAndNotifyInBackground@net/extras/sqlite/sqlite_persistent_store_backend_base.cc:246 to client_task_runner_.
[129831:129831:0327/173135.338442:WARNING:pref_notifier_impl.cc(41)] Pref observer for media_router.cast_allow_all_ips found at shutdown.
